<?xml version='1.0' encoding='UTF-8'?>
<!DOCTYPE coverage SYSTEM 'http://cobertura.sourceforge.net/xml/coverage-04.dtd'>
<coverage line-rate="0.9833753148614609" branch-rate="0.46354916067146285" lines-covered="1952" lines-valid="1985" branches-covered="3866" branches-valid="8340" complexity="0.0" timestamp="1650349546" version="gcovr 5.0"><sources><source>/vagrant</source></sources><packages><package name="" line-rate="0.9833753148614609" branch-rate="0.46354916067146285" complexity="0.0"><classes><class name="canvas_widget_cpp" filename="canvas_widget.cpp" line-rate="1.0" branch-rate="0.5" complexity="0.0"><methods/><lines><line number="9" hits="9" branch="true" condition-coverage="50% (1/2)"><conditions><condition number="0" type="jump" coverage="50%"/></conditions></line><line number="11" hits="9" branch="true" condition-coverage="50% (2/4)"><conditions><condition number="0" type="jump" coverage="50%"/></conditions></line><line number="12" hits="9" branch="true" condition-coverage="50% (2/4)"><conditions><condition number="0" type="jump" coverage="50%"/></conditions></line><line number="13" hits="9" branch="true" condition-coverage="50% (2/4)"><conditions><condition number="0" type="jump" coverage="50%"/></conditions></line><line number="14" hits="9" branch="true" condition-coverage="50% (1/2)"><conditions><condition number="0" type="jump" coverage="50%"/></conditions></line><line number="15" hits="9" branch="true" condition-coverage="50% (1/2)"><conditions><condition number="0" type="jump" coverage="50%"/></conditions></line><line number="16" hits="9" branch="false"/><line number="18" hits="27" branch="false"/><line number="20" hits="27" branch="false"/><line number="21" hits="27" branch="false"/></lines></class><class name="canvas_widget_hpp" filename="canvas_widget.hpp" line-rate="1.0" branch-rate="0.0" complexity="0.0"><methods/><lines><line number="9" hits="14" branch="false"/></lines></class><class name="environment_cpp" filename="environment.cpp" line-rate="0.983957219251337" branch-rate="0.7148760330578512" complexity="0.0"><methods/><lines><line number="8" hits="58" branch="false"/><line number="9" hits="58" branch="true" condition-coverage="100% (2/2)"><conditions><condition number="0" type="jump" coverage="100%"/></conditions></line><line number="10" hits="12" branch="false"/><line number="12" hits="46" branch="true" condition-coverage="100% (2/2)"><conditions><condition number="0" type="jump" coverage="100%"/></conditions></line><line number="13" hits="12" branch="false"/><line number="15" hits="68" branch="false"/><line number="16" hits="34" branch="true" condition-coverage="100% (2/2)"><conditions><condition number="0" type="jump" coverage="100%"/></conditions></line><line number="17" hits="23" branch="false"/><line number="18" hits="23" branch="false"/><line number="20" hits="11" branch="true" condition-coverage="50% (1/2)"><conditions><condition number="0" type="jump" coverage="50%"/></conditions></line><line number="21" hits="11" branch="false"/><line number="22" hits="11" branch="false"/><line number="24" hits="34" branch="false"/><line number="27" hits="89" branch="false"/><line number="28" hits="89" branch="true" condition-coverage="50% (1/2)"><conditions><condition number="0" type="jump" coverage="50%"/></conditions></line><line number="29" hits="0" branch="false"/><line number="31" hits="178" branch="false"/><line number="32" hits="89" branch="false"/><line number="33" hits="89" branch="false"/><line number="34" hits="254" branch="true" condition-coverage="100% (2/2)"><conditions><condition number="0" type="jump" coverage="100%"/></conditions></line><line number="35" hits="176" branch="true" condition-coverage="100% (2/2)"><conditions><condition number="0" type="jump" coverage="100%"/></conditions></line><line number="36" hits="11" branch="false"/><line number="38" hits="165" branch="true" condition-coverage="100% (2/2)"><conditions><condition number="0" type="jump" coverage="100%"/></conditions></line><line number="39" hits="57" branch="false"/><line number="42" hits="78" branch="false"/><line number="45" hits="92" branch="false"/><line number="46" hits="92" branch="true" condition-coverage="50% (1/2)"><conditions><condition number="0" type="jump" coverage="50%"/></conditions></line><line number="47" hits="0" branch="false"/><line number="49" hits="184" branch="false"/><line number="50" hits="92" branch="false"/><line number="51" hits="92" branch="false"/><line number="52" hits="263" branch="true" condition-coverage="100% (2/2)"><conditions><condition number="0" type="jump" coverage="100%"/></conditions></line><line number="53" hits="182" branch="true" condition-coverage="100% (2/2)"><conditions><condition number="0" type="jump" coverage="100%"/></conditions></line><line number="54" hits="11" branch="false"/><line number="56" hits="171" branch="true" condition-coverage="100% (2/2)"><conditions><condition number="0" type="jump" coverage="100%"/></conditions></line><line number="57" hits="90" branch="false"/><line number="60" hits="81" branch="false"/><line number="63" hits="111" branch="false"/><line number="64" hits="111" branch="true" condition-coverage="100% (2/2)"><conditions><condition number="0" type="jump" coverage="100%"/></conditions></line><line number="65" hits="11" branch="false"/><line number="67" hits="100" branch="true" condition-coverage="100% (2/2)"><conditions><condition number="0" type="jump" coverage="100%"/></conditions></line><line number="68" hits="11" branch="false"/><line number="70" hits="89" branch="true" condition-coverage="100% (2/2)"><conditions><condition number="0" type="jump" coverage="100%"/></conditions></line><line number="71" hits="11" branch="false"/><line number="73" hits="156" branch="false"/><line number="74" hits="78" branch="true" condition-coverage="100% (2/2)"><conditions><condition number="0" type="jump" coverage="100%"/></conditions></line><line number="75" hits="57" branch="false"/><line number="76" hits="57" branch="false"/><line number="79" hits="21" branch="false"/><line number="80" hits="21" branch="false"/><line number="82" hits="78" branch="false"/><line number="85" hits="114" branch="false"/><line number="86" hits="114" branch="true" condition-coverage="100% (2/2)"><conditions><condition number="0" type="jump" coverage="100%"/></conditions></line><line number="87" hits="11" branch="false"/><line number="89" hits="103" branch="true" condition-coverage="100% (2/2)"><conditions><condition number="0" type="jump" coverage="100%"/></conditions></line><line number="90" hits="11" branch="false"/><line number="92" hits="92" branch="true" condition-coverage="100% (2/2)"><conditions><condition number="0" type="jump" coverage="100%"/></conditions></line><line number="93" hits="11" branch="false"/><line number="95" hits="162" branch="false"/><line number="96" hits="81" branch="true" condition-coverage="100% (2/2)"><conditions><condition number="0" type="jump" coverage="100%"/></conditions></line><line number="97" hits="51" branch="false"/><line number="98" hits="51" branch="false"/><line number="101" hits="30" branch="false"/><line number="102" hits="30" branch="false"/><line number="104" hits="81" branch="false"/><line number="107" hits="84" branch="false"/><line number="108" hits="84" branch="true" condition-coverage="100% (2/2)"><conditions><condition number="0" type="jump" coverage="100%"/></conditions></line><line number="109" hits="11" branch="false"/><line number="111" hits="73" branch="true" condition-coverage="100% (2/2)"><conditions><condition number="0" type="jump" coverage="100%"/></conditions></line><line number="112" hits="11" branch="false"/><line number="114" hits="62" branch="true" condition-coverage="100% (2/2)"><conditions><condition number="0" type="jump" coverage="100%"/></conditions></line><line number="115" hits="11" branch="false"/><line number="117" hits="102" branch="false"/><line number="118" hits="51" branch="true" condition-coverage="100% (2/2)"><conditions><condition number="0" type="jump" coverage="100%"/></conditions></line><line number="119" hits="21" branch="false"/><line number="120" hits="21" branch="false"/><line number="123" hits="30" branch="false"/><line number="124" hits="30" branch="false"/><line number="126" hits="51" branch="false"/><line number="129" hits="114" branch="false"/><line number="130" hits="114" branch="true" condition-coverage="100% (2/2)"><conditions><condition number="0" type="jump" coverage="100%"/></conditions></line><line number="131" hits="11" branch="false"/><line number="133" hits="103" branch="true" condition-coverage="100% (2/2)"><conditions><condition number="0" type="jump" coverage="100%"/></conditions></line><line number="134" hits="11" branch="false"/><line number="136" hits="92" branch="true" condition-coverage="100% (2/2)"><conditions><condition number="0" type="jump" coverage="100%"/></conditions></line><line number="137" hits="11" branch="false"/><line number="139" hits="162" branch="false"/><line number="140" hits="81" branch="true" condition-coverage="100% (2/2)"><conditions><condition number="0" type="jump" coverage="100%"/></conditions></line><line number="141" hits="51" branch="false"/><line number="142" hits="51" branch="false"/><line number="145" hits="30" branch="false"/><line number="146" hits="30" branch="false"/><line number="148" hits="81" branch="false"/><line number="151" hits="75" branch="false"/><line number="152" hits="75" branch="true" condition-coverage="100% (2/2)"><conditions><condition number="0" type="jump" coverage="100%"/></conditions></line><line number="153" hits="11" branch="false"/><line number="155" hits="64" branch="true" condition-coverage="100% (2/2)"><conditions><condition number="0" type="jump" coverage="100%"/></conditions></line><line number="156" hits="11" branch="false"/><line number="158" hits="53" branch="true" condition-coverage="100% (2/2)"><conditions><condition number="0" type="jump" coverage="100%"/></conditions></line><line number="159" hits="11" branch="false"/><line number="161" hits="84" branch="false"/><line number="162" hits="42" branch="true" condition-coverage="100% (2/2)"><conditions><condition number="0" type="jump" coverage="100%"/></conditions></line><line number="163" hits="21" branch="false"/><line number="164" hits="21" branch="false"/><line number="167" hits="21" branch="false"/><line number="168" hits="21" branch="false"/><line number="170" hits="42" branch="false"/><line number="173" hits="167" branch="false"/><line number="174" hits="167" branch="true" condition-coverage="50% (1/2)"><conditions><condition number="0" type="jump" coverage="50%"/></conditions></line><line number="175" hits="0" branch="false"/><line number="177" hits="334" branch="false"/><line number="178" hits="167" branch="false"/><line number="179" hits="167" branch="false"/><line number="180" hits="605" branch="true" condition-coverage="100% (2/2)"><conditions><condition number="0" type="jump" coverage="100%"/></conditions></line><line number="181" hits="449" branch="true" condition-coverage="100% (2/2)"><conditions><condition number="0" type="jump" coverage="100%"/></conditions></line><line number="182" hits="11" branch="false"/><line number="184" hits="438" branch="false"/><line number="186" hits="156" branch="false"/><line number="189" hits="126" branch="false"/><line number="190" hits="252" branch="false"/><line number="191" hits="126" branch="true" condition-coverage="100% (2/2)"><conditions><condition number="0" type="jump" coverage="100%"/></conditions></line><line number="192" hits="22" branch="false"/><line number="194" hits="104" branch="true" condition-coverage="100% (6/6)"><conditions><condition number="0" type="jump" coverage="100%"/></conditions></line><line number="195" hits="95" branch="true" condition-coverage="100% (2/2)"><conditions><condition number="0" type="jump" coverage="100%"/></conditions></line><line number="196" hits="68" branch="true" condition-coverage="50% (1/2)"><conditions><condition number="0" type="jump" coverage="50%"/></conditions></line><line number="197" hits="0" branch="false"/><line number="199" hits="68" branch="true" condition-coverage="100% (2/2)"><conditions><condition number="0" type="jump" coverage="100%"/></conditions></line><line number="200" hits="11" branch="false"/><line number="202" hits="57" branch="false"/><line number="203" hits="57" branch="false"/><line number="205" hits="27" branch="true" condition-coverage="50% (1/2)"><conditions><condition number="0" type="jump" coverage="50%"/></conditions></line><line number="206" hits="27" branch="false"/><line number="207" hits="27" branch="false"/><line number="211" hits="9" branch="false"/><line number="213" hits="84" branch="false"/><line number="216" hits="53" branch="false"/><line number="217" hits="53" branch="true" condition-coverage="50% (1/2)"><conditions><condition number="0" type="jump" coverage="50%"/></conditions></line><line number="218" hits="0" branch="false"/><line number="220" hits="106" branch="false"/><line number="221" hits="53" branch="false"/><line number="222" hits="53" branch="false"/><line number="223" hits="158" branch="true" condition-coverage="100% (2/2)"><conditions><condition number="0" type="jump" coverage="100%"/></conditions></line><line number="224" hits="116" branch="true" condition-coverage="100% (2/2)"><conditions><condition number="0" type="jump" coverage="100%"/></conditions></line><line number="225" hits="11" branch="false"/><line number="227" hits="105" branch="false"/><line number="229" hits="42" branch="false"/><line number="232" hits="85" branch="false"/><line number="233" hits="85" branch="true" condition-coverage="100% (2/2)"><conditions><condition number="0" type="jump" coverage="100%"/></conditions></line><line number="234" hits="11" branch="false"/><line number="236" hits="74" branch="true" condition-coverage="100% (2/2)"><conditions><condition number="0" type="jump" coverage="100%"/></conditions></line><line number="237" hits="11" branch="false"/><line number="239" hits="63" branch="true" condition-coverage="100% (2/2)"><conditions><condition number="0" type="jump" coverage="100%"/></conditions></line><line number="240" hits="11" branch="false"/><line number="242" hits="104" branch="false"/><line number="243" hits="52" branch="false"/><line number="244" hits="52" branch="false"/><line number="245" hits="52" branch="false"/><line number="248" hits="75" branch="false"/><line number="249" hits="75" branch="true" condition-coverage="100% (2/2)"><conditions><condition number="0" type="jump" coverage="100%"/></conditions></line><line number="250" hits="9" branch="false"/><line number="252" hits="66" branch="true" condition-coverage="100% (2/2)"><conditions><condition number="0" type="jump" coverage="100%"/></conditions></line><line number="253" hits="9" branch="false"/><line number="255" hits="57" branch="true" condition-coverage="100% (2/2)"><conditions><condition number="0" type="jump" coverage="100%"/></conditions></line><line number="256" hits="9" branch="false"/><line number="258" hits="96" branch="false"/><line number="259" hits="48" branch="false"/><line number="260" hits="96" branch="true" condition-coverage="50% (1/2)"><conditions><condition number="0" type="jump" coverage="50%"/></conditions></line><line number="261" hits="48" branch="false"/><line number="262" hits="48" branch="false"/><line number="265" hits="75" branch="false"/><line number="266" hits="75" branch="true" condition-coverage="100% (2/2)"><conditions><condition number="0" type="jump" coverage="100%"/></conditions></line><line number="267" hits="9" branch="false"/><line number="269" hits="66" branch="true" condition-coverage="100% (2/2)"><conditions><condition number="0" type="jump" coverage="100%"/></conditions></line><line number="270" hits="9" branch="false"/><line number="272" hits="57" branch="true" condition-coverage="100% (2/2)"><conditions><condition number="0" type="jump" coverage="100%"/></conditions></line><line number="273" hits="9" branch="false"/><line number="275" hits="96" branch="false"/><line number="276" hits="48" branch="false"/><line number="277" hits="48" branch="false"/><line number="278" hits="48" branch="false"/><line number="281" hits="117" branch="false"/><line number="282" hits="234" branch="false"/><line number="283" hits="117" branch="true" condition-coverage="100% (2/2)"><conditions><condition number="0" type="jump" coverage="100%"/></conditions></line><line number="284" hits="12" branch="false"/><line number="286" hits="105" branch="true" condition-coverage="100% (2/2)"><conditions><condition number="0" type="jump" coverage="100%"/></conditions></line><line number="287" hits="75" branch="true" condition-coverage="100% (2/2)"><conditions><condition number="0" type="jump" coverage="100%"/></conditions></line><line number="288" hits="63" branch="false"/><line number="289" hits="63" branch="false"/><line number="291" hits="12" branch="true" condition-coverage="50% (1/2)"><conditions><condition number="0" type="jump" coverage="50%"/></conditions></line><line number="292" hits="12" branch="false"/><line number="293" hits="12" branch="false"/><line number="296" hits="30" branch="true" condition-coverage="50% (1/2)"><conditions><condition number="0" type="jump" coverage="50%"/></conditions></line><line number="297" hits="30" branch="true" condition-coverage="100% (2/2)"><conditions><condition number="0" type="jump" coverage="100%"/></conditions></line><line number="298" hits="18" branch="false"/><line number="299" hits="18" branch="false"/><line number="301" hits="12" branch="true" condition-coverage="50% (1/2)"><conditions><condition number="0" type="jump" coverage="50%"/></conditions></line><line number="302" hits="12" branch="false"/><line number="303" hits="12" branch="false"/><line number="306" hits="105" branch="false"/><line number="309" hits="108" branch="false"/><line number="310" hits="108" branch="true" condition-coverage="50% (1/2)"><conditions><condition number="0" type="jump" coverage="50%"/></conditions></line><line number="311" hits="0" branch="false"/><line number="313" hits="216" branch="false"/><line number="314" hits="108" branch="true" condition-coverage="100% (2/2)"><conditions><condition number="0" type="jump" coverage="100%"/></conditions></line><line number="315" hits="99" branch="false"/><line number="316" hits="99" branch="false"/><line number="319" hits="9" branch="false"/><line number="320" hits="9" branch="false"/><line number="322" hits="108" branch="false"/><line number="325" hits="230" branch="false"/><line number="326" hits="230" branch="true" condition-coverage="100% (2/2)"><conditions><condition number="0" type="jump" coverage="100%"/></conditions></line><line number="327" hits="6" branch="false"/><line number="329" hits="224" branch="true" condition-coverage="66% (4/6)"><conditions><condition number="0" type="jump" coverage="66%"/></conditions></line><line number="330" hits="9" branch="false"/><line number="332" hits="430" branch="false"/><line number="333" hits="215" branch="true" condition-coverage="100% (2/2)"><conditions><condition number="0" type="jump" coverage="100%"/></conditions></line><line number="334" hits="197" branch="false"/><line number="335" hits="197" branch="false"/><line number="338" hits="18" branch="false"/><line number="339" hits="18" branch="false"/><line number="341" hits="215" branch="false"/><line number="344" hits="181" branch="false"/><line number="345" hits="181" branch="true" condition-coverage="100% (2/2)"><conditions><condition number="0" type="jump" coverage="100%"/></conditions></line><line number="346" hits="27" branch="false"/><line number="348" hits="308" branch="false"/><line number="349" hits="154" branch="true" condition-coverage="100% (2/2)"><conditions><condition number="0" type="jump" coverage="100%"/></conditions></line><line number="350" hits="8" branch="false"/><line number="352" hits="146" branch="true" condition-coverage="100% (2/2)"><conditions><condition number="0" type="jump" coverage="100%"/></conditions></line><line number="353" hits="8" branch="false"/><line number="355" hits="138" branch="false"/><line number="356" hits="138" branch="false"/><line number="357" hits="138" branch="false"/><line number="358" hits="138" branch="false"/><line number="361" hits="27" branch="false"/><line number="362" hits="27" branch="true" condition-coverage="100% (2/2)"><conditions><condition number="0" type="jump" coverage="100%"/></conditions></line><line number="363" hits="9" branch="false"/><line number="365" hits="18" branch="true" condition-coverage="100% (2/2)"><conditions><condition number="0" type="jump" coverage="100%"/></conditions></line><line number="366" hits="9" branch="false"/><line number="368" hits="18" branch="false"/><line number="369" hits="9" branch="false"/><line number="370" hits="9" branch="false"/><line number="371" hits="9" branch="false"/><line number="372" hits="9" branch="false"/><line number="373" hits="9" branch="false"/><line number="374" hits="9" branch="false"/><line number="377" hits="27" branch="false"/><line number="378" hits="27" branch="true" condition-coverage="100% (2/2)"><conditions><condition number="0" type="jump" coverage="100%"/></conditions></line><line number="379" hits="9" branch="false"/><line number="381" hits="18" branch="true" condition-coverage="100% (2/2)"><conditions><condition number="0" type="jump" coverage="100%"/></conditions></line><line number="382" hits="9" branch="false"/><line number="384" hits="18" branch="false"/><line number="385" hits="9" branch="false"/><line number="386" hits="9" branch="false"/><line number="387" hits="9" branch="false"/><line number="388" hits="9" branch="false"/><line number="389" hits="9" branch="false"/><line number="390" hits="9" branch="false"/><line number="393" hits="36" branch="false"/><line number="394" hits="36" branch="true" condition-coverage="100% (2/2)"><conditions><condition number="0" type="jump" coverage="100%"/></conditions></line><line number="395" hits="9" branch="false"/><line number="397" hits="27" branch="true" condition-coverage="100% (2/2)"><conditions><condition number="0" type="jump" coverage="100%"/></conditions></line><line number="398" hits="9" branch="false"/><line number="400" hits="18" branch="true" condition-coverage="100% (2/2)"><conditions><condition number="0" type="jump" coverage="100%"/></conditions></line><line number="401" hits="9" branch="false"/><line number="403" hits="18" branch="false"/><line number="404" hits="9" branch="false"/><line number="405" hits="9" branch="false"/><line number="406" hits="9" branch="false"/><line number="409" hits="42" branch="false"/><line number="410" hits="42" branch="true" condition-coverage="100% (2/2)"><conditions><condition number="0" type="jump" coverage="100%"/></conditions></line><line number="411" hits="9" branch="false"/><line number="413" hits="33" branch="true" condition-coverage="100% (2/2)"><conditions><condition number="0" type="jump" coverage="100%"/></conditions></line><line number="414" hits="9" branch="false"/><line number="416" hits="24" branch="true" condition-coverage="100% (2/2)"><conditions><condition number="0" type="jump" coverage="100%"/></conditions></line><line number="417" hits="9" branch="false"/><line number="419" hits="30" branch="false"/><line number="420" hits="15" branch="false"/><line number="421" hits="15" branch="false"/><line number="422" hits="15" branch="false"/><line number="423" hits="15" branch="false"/><line number="424" hits="15" branch="false"/><line number="425" hits="15" branch="false"/><line number="428" hits="20" branch="false"/><line number="429" hits="36" branch="true" condition-coverage="100% (2/2)"><conditions><condition number="0" type="jump" coverage="100%"/></conditions></line><line number="430" hits="20" branch="true" condition-coverage="100% (2/2)"><conditions><condition number="0" type="jump" coverage="100%"/></conditions></line><line number="431" hits="12" branch="true" condition-coverage="100% (2/2)"><conditions><condition number="0" type="jump" coverage="100%"/></conditions></line><line number="432" hits="8" branch="true" condition-coverage="100% (2/2)"><conditions><condition number="0" type="jump" coverage="100%"/></conditions></line><line number="433" hits="4" branch="true" condition-coverage="50% (2/4)"><conditions><condition number="0" type="jump" coverage="50%"/></conditions></line><line number="438" hits="16" branch="false"/><line number="441" hits="31" branch="false"/><line number="442" hits="31" branch="true" condition-coverage="100% (2/2)"><conditions><condition number="0" type="jump" coverage="100%"/></conditions></line><line number="443" hits="4" branch="false"/><line number="445" hits="27" branch="true" condition-coverage="100% (2/2)"><conditions><condition number="0" type="jump" coverage="100%"/></conditions></line><line number="446" hits="4" branch="false"/><line number="448" hits="23" branch="true" condition-coverage="100% (2/2)"><conditions><condition number="0" type="jump" coverage="100%"/></conditions></line><line number="449" hits="4" branch="false"/><line number="451" hits="19" branch="true" condition-coverage="100% (2/2)"><conditions><condition number="0" type="jump" coverage="100%"/></conditions></line><line number="452" hits="4" branch="false"/><line number="454" hits="30" branch="false"/><line number="455" hits="15" branch="false"/><line number="456" hits="15" branch="false"/><line number="457" hits="15" branch="false"/><line number="458" hits="15" branch="false"/><line number="459" hits="15" branch="false"/><line number="460" hits="15" branch="false"/><line number="461" hits="15" branch="false"/><line number="464" hits="224" branch="false"/><line number="465" hits="224" branch="false"/><line number="466" hits="224" branch="true" condition-coverage="53% (28/52)"><conditions><condition number="0" type="jump" coverage="53%"/></conditions></line><line number="467" hits="9" branch="false"/><line number="469" hits="224" branch="false"/><line number="472" hits="1862" branch="false"/><line number="473" hits="1862" branch="false"/><line number="474" hits="1862" branch="true" condition-coverage="98% (51/52)"><conditions><condition number="0" type="jump" coverage="98%"/></conditions></line><line number="475" hits="1853" branch="false"/><line number="477" hits="1862" branch="false"/><line number="479" hits="2153" branch="false"/><line number="480" hits="2153" branch="false"/><line number="483" hits="62" branch="false"/><line number="484" hits="62" branch="false"/><line number="485" hits="62" branch="true" condition-coverage="50% (1/2)"><conditions><condition number="0" type="jump" coverage="50%"/></conditions></line><line number="486" hits="62" branch="false"/><line number="487" hits="62" branch="false"/><line number="489" hits="62" branch="false"/><line number="492" hits="1819" branch="false"/><line number="493" hits="1819" branch="true" condition-coverage="50% (2/4)"><conditions><condition number="0" type="jump" coverage="50%"/></conditions></line><line number="494" hits="1819" branch="true" condition-coverage="50% (2/4)"><conditions><condition number="0" type="jump" coverage="50%"/></conditions></line><line number="495" hits="1819" branch="true" condition-coverage="50% (2/4)"><conditions><condition number="0" type="jump" coverage="50%"/></conditions></line><line number="496" hits="1819" branch="true" condition-coverage="50% (2/4)"><conditions><condition number="0" type="jump" coverage="50%"/></conditions></line><line number="497" hits="1819" branch="true" condition-coverage="50% (2/4)"><conditions><condition number="0" type="jump" coverage="50%"/></conditions></line><line number="498" hits="1819" branch="true" condition-coverage="50% (2/4)"><conditions><condition number="0" type="jump" coverage="50%"/></conditions></line><line number="499" hits="1819" branch="true" condition-coverage="50% (2/4)"><conditions><condition number="0" type="jump" coverage="50%"/></conditions></line><line number="500" hits="1819" branch="true" condition-coverage="50% (2/4)"><conditions><condition number="0" type="jump" coverage="50%"/></conditions></line><line number="501" hits="1819" branch="true" condition-coverage="50% (2/4)"><conditions><condition number="0" type="jump" coverage="50%"/></conditions></line><line number="502" hits="1819" branch="true" condition-coverage="50% (2/4)"><conditions><condition number="0" type="jump" coverage="50%"/></conditions></line><line number="503" hits="1819" branch="true" condition-coverage="50% (2/4)"><conditions><condition number="0" type="jump" coverage="50%"/></conditions></line><line number="504" hits="1819" branch="true" condition-coverage="50% (2/4)"><conditions><condition number="0" type="jump" coverage="50%"/></conditions></line><line number="505" hits="1819" branch="true" condition-coverage="50% (2/4)"><conditions><condition number="0" type="jump" coverage="50%"/></conditions></line><line number="506" hits="1819" branch="true" condition-coverage="50% (2/4)"><conditions><condition number="0" type="jump" coverage="50%"/></conditions></line><line number="507" hits="1819" branch="true" condition-coverage="50% (2/4)"><conditions><condition number="0" type="jump" coverage="50%"/></conditions></line><line number="508" hits="1819" branch="true" condition-coverage="50% (2/4)"><conditions><condition number="0" type="jump" coverage="50%"/></conditions></line><line number="509" hits="1819" branch="true" condition-coverage="50% (2/4)"><conditions><condition number="0" type="jump" coverage="50%"/></conditions></line><line number="510" hits="1819" branch="true" condition-coverage="50% (2/4)"><conditions><condition number="0" type="jump" coverage="50%"/></conditions></line><line number="511" hits="1819" branch="true" condition-coverage="50% (2/4)"><conditions><condition number="0" type="jump" coverage="50%"/></conditions></line><line number="512" hits="1819" branch="true" condition-coverage="50% (2/4)"><conditions><condition number="0" type="jump" coverage="50%"/></conditions></line><line number="513" hits="1819" branch="true" condition-coverage="50% (2/4)"><conditions><condition number="0" type="jump" coverage="50%"/></conditions></line><line number="514" hits="1819" branch="true" condition-coverage="50% (2/4)"><conditions><condition number="0" type="jump" coverage="50%"/></conditions></line><line number="515" hits="1819" branch="true" condition-coverage="50% (2/4)"><conditions><condition number="0" type="jump" coverage="50%"/></conditions></line><line number="516" hits="1819" branch="true" condition-coverage="50% (2/4)"><conditions><condition number="0" type="jump" coverage="50%"/></conditions></line><line number="517" hits="1819" branch="true" condition-coverage="50% (2/4)"><conditions><condition number="0" type="jump" coverage="50%"/></conditions></line><line number="518" hits="1819" branch="true" condition-coverage="50% (2/4)"><conditions><condition number="0" type="jump" coverage="50%"/></conditions></line><line number="519" hits="1819" branch="true" condition-coverage="50% (2/4)"><conditions><condition number="0" type="jump" coverage="50%"/></conditions></line><line number="520" hits="1819" branch="true" condition-coverage="50% (2/4)"><conditions><condition number="0" type="jump" coverage="50%"/></conditions></line><line number="521" hits="1819" branch="true" condition-coverage="50% (2/4)"><conditions><condition number="0" type="jump" coverage="50%"/></conditions></line><line number="522" hits="1819" branch="true" condition-coverage="50% (2/4)"><conditions><condition number="0" type="jump" coverage="50%"/></conditions></line><line number="523" hits="1819" branch="true" condition-coverage="50% (2/4)"><conditions><condition number="0" type="jump" coverage="50%"/></conditions></line><line number="524" hits="1819" branch="true" condition-coverage="50% (2/4)"><conditions><condition number="0" type="jump" coverage="50%"/></conditions></line><line number="525" hits="1819" branch="true" condition-coverage="50% (2/4)"><conditions><condition number="0" type="jump" coverage="50%"/></conditions></line><line number="526" hits="1819" branch="true" condition-coverage="50% (2/4)"><conditions><condition number="0" type="jump" coverage="50%"/></conditions></line><line number="527" hits="1819" branch="true" condition-coverage="50% (2/4)"><conditions><condition number="0" type="jump" coverage="50%"/></conditions></line><line number="528" hits="1819" branch="true" condition-coverage="50% (2/4)"><conditions><condition number="0" type="jump" coverage="50%"/></conditions></line><line number="529" hits="1819" branch="true" condition-coverage="50% (2/4)"><conditions><condition number="0" type="jump" coverage="50%"/></conditions></line><line number="530" hits="1819" branch="true" condition-coverage="50% (2/4)"><conditions><condition number="0" type="jump" coverage="50%"/></conditions></line><line number="531" hits="1819" branch="true" condition-coverage="50% (2/4)"><conditions><condition number="0" type="jump" coverage="50%"/></conditions></line><line number="532" hits="1819" branch="true" condition-coverage="50% (2/4)"><conditions><condition number="0" type="jump" coverage="50%"/></conditions></line><line number="533" hits="1819" branch="true" condition-coverage="50% (2/4)"><conditions><condition number="0" type="jump" coverage="50%"/></conditions></line><line number="534" hits="1819" branch="true" condition-coverage="50% (2/4)"><conditions><condition number="0" type="jump" coverage="50%"/></conditions></line><line number="535" hits="1819" branch="true" condition-coverage="50% (2/4)"><conditions><condition number="0" type="jump" coverage="50%"/></conditions></line><line number="536" hits="1819" branch="true" condition-coverage="50% (2/4)"><conditions><condition number="0" type="jump" coverage="50%"/></conditions></line><line number="537" hits="1819" branch="true" condition-coverage="50% (2/4)"><conditions><condition number="0" type="jump" coverage="50%"/></conditions></line><line number="538" hits="1819" branch="true" condition-coverage="50% (2/4)"><conditions><condition number="0" type="jump" coverage="50%"/></conditions></line><line number="539" hits="1819" branch="true" condition-coverage="50% (2/4)"><conditions><condition number="0" type="jump" coverage="50%"/></conditions></line><line number="540" hits="1819" branch="true" condition-coverage="50% (2/4)"><conditions><condition number="0" type="jump" coverage="50%"/></conditions></line><line number="541" hits="1819" branch="false"/></lines></class><class name="environment_hpp" filename="environment.hpp" line-rate="1.0" branch-rate="0.0" complexity="0.0"><methods/><lines><line number="10" hits="435" branch="false"/><line number="21" hits="87792" branch="false"/></lines></class><class name="expression_cpp" filename="expression.cpp" line-rate="0.8972602739726028" branch-rate="0.8095238095238095" complexity="0.0"><methods/><lines><line number="11" hits="990" branch="false"/><line number="13" hits="990" branch="false"/><line number="14" hits="990" branch="false"/><line number="15" hits="990" branch="false"/><line number="16" hits="849" branch="false"/><line number="18" hits="849" branch="false"/><line number="19" hits="849" branch="false"/><line number="20" hits="849" branch="false"/><line number="21" hits="18" branch="false"/><line number="23" hits="18" branch="false"/><line number="24" hits="18" branch="true" condition-coverage="50% (1/2)"><conditions><condition number="0" type="jump" coverage="50%"/></conditions></line><line number="25" hits="18" branch="false"/><line number="26" hits="21" branch="false"/><line number="27" hits="21" branch="false"/><line number="28" hits="21" branch="false"/><line number="29" hits="21" branch="false"/><line number="30" hits="21" branch="false"/><line number="31" hits="20" branch="false"/><line number="32" hits="20" branch="false"/><line number="33" hits="20" branch="false"/><line number="34" hits="20" branch="false"/><line number="35" hits="20" branch="false"/><line number="36" hits="20" branch="false"/><line number="37" hits="20" branch="false"/><line number="38" hits="20" branch="false"/><line number="39" hits="20" branch="false"/><line number="40" hits="20" branch="false"/><line number="41" hits="20" branch="false"/><line number="42" hits="20" branch="false"/><line number="43" hits="20" branch="false"/><line number="44" hits="20" branch="false"/><line number="45" hits="20" branch="false"/><line number="46" hits="2038" branch="false"/><line number="47" hits="2038" branch="true" condition-coverage="50% (1/2)"><conditions><condition number="0" type="jump" coverage="50%"/></conditions></line><line number="48" hits="0" branch="false"/><line number="50" hits="2038" branch="true" condition-coverage="100% (2/2)"><conditions><condition number="0" type="jump" coverage="100%"/></conditions></line><line number="51" hits="20" branch="false"/><line number="53" hits="2018" branch="true" condition-coverage="100% (2/2)"><conditions><condition number="0" type="jump" coverage="100%"/></conditions></line><line number="54" hits="1030" branch="true" condition-coverage="50% (1/2)"><conditions><condition number="0" type="jump" coverage="50%"/></conditions></line><line number="55" hits="0" branch="false"/><line number="58" hits="988" branch="true" condition-coverage="100% (2/2)"><conditions><condition number="0" type="jump" coverage="100%"/></conditions></line><line number="59" hits="909" branch="true" condition-coverage="50% (1/2)"><conditions><condition number="0" type="jump" coverage="50%"/></conditions></line><line number="60" hits="0" branch="false"/><line number="63" hits="79" branch="true" condition-coverage="100% (2/2)"><conditions><condition number="0" type="jump" coverage="100%"/></conditions></line><line number="64" hits="18" branch="true" condition-coverage="50% (1/2)"><conditions><condition number="0" type="jump" coverage="50%"/></conditions></line><line number="65" hits="0" branch="false"/><line number="68" hits="61" branch="true" condition-coverage="100% (2/2)"><conditions><condition number="0" type="jump" coverage="100%"/></conditions></line><line number="69" hits="21" branch="true" condition-coverage="50% (1/2)"><conditions><condition number="0" type="jump" coverage="50%"/></conditions></line><line number="70" hits="0" branch="false"/><line number="72" hits="21" branch="true" condition-coverage="50% (1/2)"><conditions><condition number="0" type="jump" coverage="50%"/></conditions></line><line number="73" hits="0" branch="false"/><line number="76" hits="40" branch="true" condition-coverage="100% (2/2)"><conditions><condition number="0" type="jump" coverage="100%"/></conditions></line><line number="77" hits="20" branch="true" condition-coverage="50% (1/2)"><conditions><condition number="0" type="jump" coverage="50%"/></conditions></line><line number="78" hits="0" branch="false"/><line number="80" hits="20" branch="true" condition-coverage="50% (1/2)"><conditions><condition number="0" type="jump" coverage="50%"/></conditions></line><line number="81" hits="0" branch="false"/><line number="83" hits="20" branch="true" condition-coverage="50% (1/2)"><conditions><condition number="0" type="jump" coverage="50%"/></conditions></line><line number="84" hits="0" branch="false"/><line number="86" hits="20" branch="true" condition-coverage="50% (1/2)"><conditions><condition number="0" type="jump" coverage="50%"/></conditions></line><line number="87" hits="0" branch="false"/><line number="89" hits="20" branch="true" condition-coverage="50% (1/2)"><conditions><condition number="0" type="jump" coverage="50%"/></conditions></line><line number="90" hits="20" branch="true" condition-coverage="50% (1/2)"><conditions><condition number="0" type="jump" coverage="50%"/></conditions></line><line number="91" hits="0" branch="false"/><line number="93" hits="20" branch="true" condition-coverage="50% (1/2)"><conditions><condition number="0" type="jump" coverage="50%"/></conditions></line><line number="94" hits="0" branch="false"/><line number="96" hits="20" branch="true" condition-coverage="50% (1/2)"><conditions><condition number="0" type="jump" coverage="50%"/></conditions></line><line number="97" hits="0" branch="false"/><line number="99" hits="20" branch="true" condition-coverage="50% (1/2)"><conditions><condition number="0" type="jump" coverage="50%"/></conditions></line><line number="100" hits="0" branch="false"/><line number="102" hits="20" branch="true" condition-coverage="50% (1/2)"><conditions><condition number="0" type="jump" coverage="50%"/></conditions></line><line number="103" hits="0" branch="false"/><line number="105" hits="2018" branch="false"/><line number="107" hits="4076" branch="false"/><line number="110" hits="4076" branch="true" condition-coverage="100% (2/2)"><conditions><condition number="0" type="jump" coverage="100%"/></conditions></line><line number="111" hits="4120" branch="false"/><line number="112" hits="2060" branch="true" condition-coverage="100% (2/2)"><conditions><condition number="0" type="jump" coverage="100%"/></conditions></line><line number="113" hits="1164" branch="true" condition-coverage="50% (1/2)"><conditions><condition number="0" type="jump" coverage="50%"/></conditions></line><line number="115" hits="896" branch="true" condition-coverage="50% (1/2)"><conditions><condition number="0" type="jump" coverage="50%"/></conditions></line><line number="116" hits="896" branch="true" condition-coverage="50% (1/2)"><conditions><condition number="0" type="jump" coverage="50%"/></conditions></line><line number="118" hits="2060" branch="true" condition-coverage="50% (4/8)"><conditions><condition number="0" type="jump" coverage="50%"/></conditions></line><line number="120" hits="2016" branch="true" condition-coverage="100% (2/2)"><conditions><condition number="0" type="jump" coverage="100%"/></conditions></line><line number="121" hits="1818" branch="false"/><line number="123" hits="198" branch="true" condition-coverage="100% (2/2)"><conditions><condition number="0" type="jump" coverage="100%"/></conditions></line><line number="124" hits="36" branch="false"/><line number="126" hits="162" branch="true" condition-coverage="100% (2/2)"><conditions><condition number="0" type="jump" coverage="100%"/></conditions></line><line number="127" hits="40" branch="false"/><line number="130" hits="122" branch="false"/><line number="132" hits="4076" branch="false"/><line number="134" hits="21282" branch="false"/><line number="139" hits="21282" branch="true" condition-coverage="100% (2/2)"><conditions><condition number="0" type="jump" coverage="100%"/></conditions></line><line number="140" hits="10074" branch="false"/><line number="141" hits="10074" branch="false"/><line number="143" hits="11208" branch="true" condition-coverage="100% (2/2)"><conditions><condition number="0" type="jump" coverage="100%"/></conditions></line><line number="144" hits="8744" branch="false"/><line number="145" hits="8744" branch="false"/><line number="147" hits="2464" branch="true" condition-coverage="100% (2/2)"><conditions><condition number="0" type="jump" coverage="100%"/></conditions></line><line number="148" hits="998" branch="false"/><line number="149" hits="998" branch="false"/><line number="151" hits="1466" branch="true" condition-coverage="100% (2/2)"><conditions><condition number="0" type="jump" coverage="100%"/></conditions></line><line number="152" hits="704" branch="false"/><line number="153" hits="704" branch="false"/><line number="155" hits="762" branch="true" condition-coverage="100% (2/2)"><conditions><condition number="0" type="jump" coverage="100%"/></conditions></line><line number="156" hits="62" branch="false"/><line number="157" hits="62" branch="false"/><line number="159" hits="700" branch="true" condition-coverage="100% (2/2)"><conditions><condition number="0" type="jump" coverage="100%"/></conditions></line><line number="160" hits="660" branch="false"/><line number="161" hits="660" branch="false"/><line number="164" hits="40" branch="false"/><line number="166" hits="21242" branch="false"/><line number="168" hits="21408" branch="false"/><line number="169" hits="21408" branch="true" condition-coverage="100% (4/4)"><conditions><condition number="0" type="jump" coverage="100%"/></conditions></line><line number="170" hits="8152" branch="false"/><line number="172" hits="13256" branch="true" condition-coverage="100% (2/2)"><conditions><condition number="0" type="jump" coverage="100%"/></conditions></line><line number="173" hits="1016" branch="false"/><line number="175" hits="12240" branch="true" condition-coverage="100% (2/2)"><conditions><condition number="0" type="jump" coverage="100%"/></conditions></line><line number="176" hits="678" branch="false"/><line number="178" hits="11562" branch="true" condition-coverage="100% (2/2)"><conditions><condition number="0" type="jump" coverage="100%"/></conditions></line><line number="179" hits="704" branch="false"/><line number="181" hits="10858" branch="true" condition-coverage="100% (2/2)"><conditions><condition number="0" type="jump" coverage="100%"/></conditions></line><line number="182" hits="62" branch="false"/><line number="184" hits="10796" branch="true" condition-coverage="100% (2/2)"><conditions><condition number="0" type="jump" coverage="100%"/></conditions></line><line number="185" hits="798" branch="true" condition-coverage="100% (4/4)"><conditions><condition number="0" type="jump" coverage="100%"/></conditions></line><line number="186" hits="98" branch="false"/><line number="189" hits="10698" branch="true" condition-coverage="100% (2/2)"><conditions><condition number="0" type="jump" coverage="100%"/></conditions></line><line number="190" hits="1066" branch="true" condition-coverage="100% (4/4)"><conditions><condition number="0" type="jump" coverage="100%"/></conditions></line><line number="191" hits="606" branch="false"/><line number="194" hits="10092" branch="false"/><line number="196" hits="11334" branch="false"/><line number="197" hits="11334" branch="false"/><line number="198" hits="11334" branch="false"/><line number="199" hits="22912" branch="true" condition-coverage="100% (2/2)"><conditions><condition number="0" type="jump" coverage="100%"/></conditions></line><line number="200" hits="14132" branch="true" condition-coverage="100% (2/2)"><conditions><condition number="0" type="jump" coverage="100%"/></conditions></line><line number="201" hits="156" branch="false"/><line number="202" hits="156" branch="true" condition-coverage="100% (2/2)"><conditions><condition number="0" type="jump" coverage="100%"/></conditions></line><line number="203" hits="18" branch="false"/><line number="206" hits="14114" branch="true" condition-coverage="100% (2/2)"><conditions><condition number="0" type="jump" coverage="100%"/></conditions></line><line number="207" hits="3556" branch="true" condition-coverage="100% (2/2)"><conditions><condition number="0" type="jump" coverage="100%"/></conditions></line><line number="208" hits="3418" branch="true" condition-coverage="100% (2/2)"><conditions><condition number="0" type="jump" coverage="100%"/></conditions></line><line number="209" hits="3280" branch="true" condition-coverage="100% (2/2)"><conditions><condition number="0" type="jump" coverage="100%"/></conditions></line><line number="210" hits="2634" branch="true" condition-coverage="100% (2/2)"><conditions><condition number="0" type="jump" coverage="100%"/></conditions></line><line number="211" hits="2518" branch="false"/><line number="217" hits="11596" branch="true" condition-coverage="100% (2/2)"><conditions><condition number="0" type="jump" coverage="100%"/></conditions></line><line number="218" hits="116" branch="false"/><line number="219" hits="116" branch="true" condition-coverage="100% (2/2)"><conditions><condition number="0" type="jump" coverage="100%"/></conditions></line><line number="220" hits="18" branch="false"/><line number="224" hits="8780" branch="false"/></lines></class><class name="expression_hpp" filename="expression.hpp" line-rate="1.0" branch-rate="0.5" complexity="0.0"><methods/><lines><line number="55" hits="311093" branch="false"/><line number="65" hits="311093" branch="false"/><line number="73" hits="137850" branch="true" condition-coverage="50% (2/4)"><conditions><condition number="0" type="jump" coverage="50%"/></conditions></line><line number="77" hits="54710" branch="false"/><line number="78" hits="54710" branch="false"/><line number="79" hits="54710" branch="false"/></lines></class><class name="interpreter_cpp" filename="interpreter.cpp" line-rate="0.975" branch-rate="0.7209302325581395" complexity="0.0"><methods/><lines><line number="17" hits="2509" branch="false"/><line number="21" hits="5018" branch="false"/><line number="22" hits="2509" branch="true" condition-coverage="100% (2/2)"><conditions><condition number="0" type="jump" coverage="100%"/></conditions></line><line number="23" hits="2473" branch="true" condition-coverage="100% (2/2)"><conditions><condition number="0" type="jump" coverage="100%"/></conditions></line><line number="25" hits="18" branch="false"/><line number="27" hits="2455" branch="true" condition-coverage="100% (2/2)"><conditions><condition number="0" type="jump" coverage="100%"/></conditions></line><line number="29" hits="54" branch="false"/><line number="31" hits="2401" branch="false"/><line number="32" hits="20412" branch="true" condition-coverage="100% (2/2)"><conditions><condition number="0" type="jump" coverage="100%"/></conditions></line><line number="33" hits="18065" branch="true" condition-coverage="100% (2/2)"><conditions><condition number="0" type="jump" coverage="100%"/></conditions></line><line number="34" hits="4078" branch="false"/><line number="36" hits="13987" branch="true" condition-coverage="100% (2/2)"><conditions><condition number="0" type="jump" coverage="100%"/></conditions></line><line number="37" hits="4006" branch="false"/><line number="38" hits="4006" branch="true" condition-coverage="100% (2/2)"><conditions><condition number="0" type="jump" coverage="100%"/></conditions></line><line number="39" hits="2365" branch="true" condition-coverage="100% (2/2)"><conditions><condition number="0" type="jump" coverage="100%"/></conditions></line><line number="41" hits="36" branch="false"/><line number="46" hits="19944" branch="false"/><line number="47" hits="9981" branch="false"/><line number="48" hits="9981" branch="true" condition-coverage="100% (2/2)"><conditions><condition number="0" type="jump" coverage="100%"/></conditions></line><line number="50" hits="18" branch="true" condition-coverage="100% (2/2)"><conditions><condition number="0" type="jump" coverage="100%"/></conditions></line><line number="55" hits="2347" branch="true" condition-coverage="100% (2/2)"><conditions><condition number="0" type="jump" coverage="100%"/></conditions></line><line number="57" hits="18" branch="false"/><line number="59" hits="2329" branch="false"/><line number="60" hits="2329" branch="false"/><line number="63" hits="36" branch="false"/><line number="66" hits="2239" branch="false"/><line number="68" hits="2239" branch="false"/><line number="69" hits="1436" branch="true" condition-coverage="50% (1/2)"><conditions><condition number="0" type="jump" coverage="50%"/></conditions></line><line number="70" hits="1436" branch="false"/><line number="73" hits="0" branch="false"/><line number="82" hits="3898" branch="false"/><line number="83" hits="3898" branch="false"/><line number="84" hits="3898" branch="false"/><line number="85" hits="3898" branch="false"/><line number="86" hits="3898" branch="false"/><line number="87" hits="7796" branch="false"/><line number="88" hits="3898" branch="true" condition-coverage="50% (1/2)"><conditions><condition number="0" type="jump" coverage="50%"/></conditions></line><line number="89" hits="3898" branch="true" condition-coverage="50% (1/2)"><conditions><condition number="0" type="jump" coverage="50%"/></conditions></line><line number="90" hits="11154" branch="true" condition-coverage="100% (2/2)"><conditions><condition number="0" type="jump" coverage="100%"/></conditions></line><line number="91" hits="7256" branch="true" condition-coverage="75% (3/4)"><conditions><condition number="0" type="jump" coverage="75%"/></conditions></line><line number="92" hits="11374" branch="false"/><line number="93" hits="5687" branch="true" condition-coverage="50% (1/2)"><conditions><condition number="0" type="jump" coverage="50%"/></conditions></line><line number="94" hits="5687" branch="true" condition-coverage="50% (1/2)"><conditions><condition number="0" type="jump" coverage="50%"/></conditions></line><line number="95" hits="5687" branch="true" condition-coverage="50% (1/2)"><conditions><condition number="0" type="jump" coverage="50%"/></conditions></line><line number="98" hits="1569" branch="false"/><line number="99" hits="3138" branch="true" condition-coverage="50% (1/2)"><conditions><condition number="0" type="jump" coverage="50%"/></conditions></line><line number="100" hits="8515" branch="true" condition-coverage="50% (1/2)"><conditions><condition number="0" type="jump" coverage="50%"/></conditions></line><line number="101" hits="8515" branch="true" condition-coverage="100% (2/2)"><conditions><condition number="0" type="jump" coverage="100%"/></conditions></line><line number="102" hits="1820" branch="false"/><line number="103" hits="1820" branch="true" condition-coverage="50% (1/2)"><conditions><condition number="0" type="jump" coverage="50%"/></conditions></line><line number="105" hits="6695" branch="true" condition-coverage="100% (2/2)"><conditions><condition number="0" type="jump" coverage="100%"/></conditions></line><line number="106" hits="1820" branch="false"/><line number="107" hits="1820" branch="true" condition-coverage="50% (1/2)"><conditions><condition number="0" type="jump" coverage="50%"/></conditions></line><line number="110" hits="4875" branch="true" condition-coverage="50% (1/2)"><conditions><condition number="0" type="jump" coverage="50%"/></conditions></line><line number="112" hits="8515" branch="true" condition-coverage="100% (2/2)"><conditions><condition number="0" type="jump" coverage="100%"/></conditions></line><line number="113" hits="1569" branch="false"/><line number="114" hits="1569" branch="false"/><line number="117" hits="1569" branch="true" condition-coverage="50% (3/6)"><conditions><condition number="0" type="jump" coverage="50%"/></conditions></line><line number="118" hits="1569" branch="false"/><line number="122" hits="7796" branch="false"/><line number="127" hits="3466" branch="false"/><line number="128" hits="3466" branch="true" condition-coverage="100% (2/2)"><conditions><condition number="0" type="jump" coverage="100%"/></conditions></line><line number="129" hits="248" branch="true" condition-coverage="100% (2/2)"><conditions><condition number="0" type="jump" coverage="100%"/></conditions></line><line number="130" hits="86" branch="true" condition-coverage="100% (2/2)"><conditions><condition number="0" type="jump" coverage="100%"/></conditions></line><line number="131" hits="36" branch="true" condition-coverage="50% (2/4)"><conditions><condition number="0" type="jump" coverage="50%"/></conditions></line><line number="132" hits="18" branch="true" condition-coverage="50% (1/2)"><conditions><condition number="0" type="jump" coverage="50%"/></conditions></line><line number="135" hits="68" branch="true" condition-coverage="50% (2/4)"><conditions><condition number="0" type="jump" coverage="50%"/></conditions></line><line number="136" hits="180" branch="false"/><line number="137" hits="10323" branch="true" condition-coverage="100% (2/2)"><conditions><condition number="0" type="jump" coverage="100%"/></conditions></line><line number="138" hits="7112" branch="true" condition-coverage="100% (2/2)"><conditions><condition number="0" type="jump" coverage="100%"/></conditions></line><line number="139" hits="1227" branch="true" condition-coverage="100% (2/2)"><conditions><condition number="0" type="jump" coverage="100%"/></conditions></line><line number="140" hits="3211" branch="true" condition-coverage="66% (4/6)"><conditions><condition number="0" type="jump" coverage="66%"/></conditions></line><line number="141" hits="18" branch="true" condition-coverage="50% (1/2)"><conditions><condition number="0" type="jump" coverage="50%"/></conditions></line><line number="142" hits="18" branch="true" condition-coverage="50% (1/2)"><conditions><condition number="0" type="jump" coverage="50%"/></conditions></line><line number="143" hits="18" branch="true" condition-coverage="50% (2/4)"><conditions><condition number="0" type="jump" coverage="50%"/></conditions></line><line number="144" hits="3193" branch="true" condition-coverage="50% (2/4)"><conditions><condition number="0" type="jump" coverage="50%"/></conditions></line><line number="145" hits="6383" branch="false"/><line number="146" hits="3193" branch="true" condition-coverage="100% (2/2)"><conditions><condition number="0" type="jump" coverage="100%"/></conditions></line><line number="147" hits="480" branch="true" condition-coverage="100% (2/2)"><conditions><condition number="0" type="jump" coverage="100%"/></conditions></line><line number="148" hits="25" branch="true" condition-coverage="50% (2/4)"><conditions><condition number="0" type="jump" coverage="50%"/></conditions></line><line number="149" hits="907" branch="false"/><line number="150" hits="455" branch="false"/><line number="151" hits="653" branch="true" condition-coverage="100% (2/2)"><conditions><condition number="0" type="jump" coverage="100%"/></conditions></line><line number="152" hits="198" branch="true" condition-coverage="100% (2/2)"><conditions><condition number="0" type="jump" coverage="100%"/></conditions></line><line number="153" hits="18" branch="true" condition-coverage="50% (1/2)"><conditions><condition number="0" type="jump" coverage="50%"/></conditions></line><line number="154" hits="18" branch="true" condition-coverage="50% (1/2)"><conditions><condition number="0" type="jump" coverage="50%"/></conditions></line><line number="155" hits="18" branch="true" condition-coverage="50% (1/2)"><conditions><condition number="0" type="jump" coverage="50%"/></conditions></line><line number="156" hits="18" branch="false"/><line number="157" hits="455" branch="true" condition-coverage="100% (2/2)"><conditions><condition number="0" type="jump" coverage="100%"/></conditions></line><line number="158" hits="437" branch="true" condition-coverage="50% (1/2)"><conditions><condition number="0" type="jump" coverage="50%"/></conditions></line><line number="159" hits="437" branch="true" condition-coverage="50% (1/2)"><conditions><condition number="0" type="jump" coverage="50%"/></conditions></line><line number="160" hits="434" branch="true" condition-coverage="50% (1/2)"><conditions><condition number="0" type="jump" coverage="50%"/></conditions></line><line number="161" hits="10192" branch="true" condition-coverage="100% (2/2)"><conditions><condition number="0" type="jump" coverage="100%"/></conditions></line><line number="162" hits="7027" branch="true" condition-coverage="100% (2/2)"><conditions><condition number="0" type="jump" coverage="100%"/></conditions></line><line number="163" hits="996" branch="true" condition-coverage="100% (2/2)"><conditions><condition number="0" type="jump" coverage="100%"/></conditions></line><line number="164" hits="202" branch="true" condition-coverage="50% (2/4)"><conditions><condition number="0" type="jump" coverage="50%"/></conditions></line><line number="165" hits="101" branch="true" condition-coverage="50% (1/2)"><conditions><condition number="0" type="jump" coverage="50%"/></conditions></line><line number="168" hits="2247" branch="true" condition-coverage="100% (2/2)"><conditions><condition number="0" type="jump" coverage="100%"/></conditions></line><line number="169" hits="1352" branch="true" condition-coverage="100% (2/2)"><conditions><condition number="0" type="jump" coverage="100%"/></conditions></line><line number="170" hits="830" branch="true" condition-coverage="50% (1/2)"><conditions><condition number="0" type="jump" coverage="50%"/></conditions></line><line number="172" hits="6031" branch="true" condition-coverage="50% (1/2)"><conditions><condition number="0" type="jump" coverage="50%"/></conditions></line><line number="173" hits="6326" branch="true" condition-coverage="100% (2/2)"><conditions><condition number="0" type="jump" coverage="100%"/></conditions></line><line number="174" hits="3846" branch="true" condition-coverage="66% (4/6)"><conditions><condition number="0" type="jump" coverage="66%"/></conditions></line><line number="175" hits="2476" branch="false"/><line number="178" hits="45" branch="false"/><line number="179" hits="45" branch="false"/><line number="183" hits="3161" branch="false"/><line number="184" hits="3161" branch="true" condition-coverage="100% (2/2)"><conditions><condition number="0" type="jump" coverage="100%"/></conditions></line><line number="185" hits="2448" branch="false"/><line number="186" hits="2448" branch="false"/><line number="189" hits="713" branch="true" condition-coverage="100% (2/2)"><conditions><condition number="0" type="jump" coverage="100%"/></conditions></line><line number="190" hits="56" branch="true" condition-coverage="100% (2/2)"><conditions><condition number="0" type="jump" coverage="100%"/></conditions></line><line number="191" hits="28" branch="false"/><line number="193" hits="28" branch="false"/><line number="194" hits="28" branch="false"/><line number="196" hits="685" branch="true" condition-coverage="50% (1/2)"><conditions><condition number="0" type="jump" coverage="50%"/></conditions></line><line number="197" hits="0" branch="false"/><line number="198" hits="0" branch="false"/><line number="203" hits="685" branch="true" condition-coverage="50% (2/4)"><conditions><condition number="0" type="jump" coverage="50%"/></conditions></line><line number="205" hits="2560" branch="true" condition-coverage="50% (2/4)"><conditions><condition number="0" type="jump" coverage="50%"/></conditions></line></lines></class><class name="interpreter_hpp" filename="interpreter.hpp" line-rate="1.0" branch-rate="0.0" complexity="0.0"><methods/><lines><line number="17" hits="777" branch="false"/></lines></class><class name="interpreter_semantic_error_hpp" filename="interpreter_semantic_error.hpp" line-rate="1.0" branch-rate="0.0" complexity="0.0"><methods/><lines><line number="7" hits="1330" branch="false"/><line number="9" hits="626" branch="false"/></lines></class><class name="main_window_cpp" filename="main_window.cpp" line-rate="1.0" branch-rate="0.5" complexity="0.0"><methods/><lines><line number="13" hits="7" branch="true" condition-coverage="50% (2/4)"><conditions><condition number="0" type="jump" coverage="50%"/></conditions></line><line number="37" hits="7" branch="false"/><line number="39" hits="7" branch="true" condition-coverage="50% (1/2)"><conditions><condition number="0" type="jump" coverage="50%"/></conditions></line><line number="45" hits="7" branch="true" condition-coverage="50% (2/4)"><conditions><condition number="0" type="jump" coverage="50%"/></conditions></line><line number="46" hits="7" branch="true" condition-coverage="50% (2/4)"><conditions><condition number="0" type="jump" coverage="50%"/></conditions></line><line number="47" hits="7" branch="true" condition-coverage="50% (2/4)"><conditions><condition number="0" type="jump" coverage="50%"/></conditions></line><line number="48" hits="7" branch="true" condition-coverage="50% (2/4)"><conditions><condition number="0" type="jump" coverage="50%"/></conditions></line><line number="50" hits="7" branch="true" condition-coverage="50% (1/2)"><conditions><condition number="0" type="jump" coverage="50%"/></conditions></line><line number="52" hits="7" branch="true" condition-coverage="50% (1/2)"><conditions><condition number="0" type="jump" coverage="50%"/></conditions></line><line number="53" hits="7" branch="true" condition-coverage="50% (1/2)"><conditions><condition number="0" type="jump" coverage="50%"/></conditions></line><line number="55" hits="7" branch="true" condition-coverage="50% (1/2)"><conditions><condition number="0" type="jump" coverage="50%"/></conditions></line><line number="71" hits="14" branch="true" condition-coverage="50% (1/2)"><conditions><condition number="0" type="jump" coverage="50%"/></conditions></line><line number="72" hits="7" branch="true" condition-coverage="50% (1/2)"><conditions><condition number="0" type="jump" coverage="50%"/></conditions></line><line number="86" hits="7" branch="true" condition-coverage="50% (2/4)"><conditions><condition number="0" type="jump" coverage="50%"/></conditions></line><line number="87" hits="7" branch="true" condition-coverage="50% (1/2)"><conditions><condition number="0" type="jump" coverage="50%"/></conditions></line><line number="88" hits="7" branch="true" condition-coverage="50% (1/2)"><conditions><condition number="0" type="jump" coverage="50%"/></conditions></line><line number="89" hits="7" branch="true" condition-coverage="50% (1/2)"><conditions><condition number="0" type="jump" coverage="50%"/></conditions></line><line number="92" hits="7" branch="true" condition-coverage="50% (1/2)"><conditions><condition number="0" type="jump" coverage="50%"/></conditions></line><line number="94" hits="28" branch="true" condition-coverage="50% (2/4)"><conditions><condition number="0" type="jump" coverage="50%"/></conditions></line></lines></class><class name="main_window_hpp" filename="main_window.hpp" line-rate="1.0" branch-rate="0.0" complexity="0.0"><methods/><lines><line number="10" hits="1" branch="false"/></lines></class><class name="message_widget_cpp" filename="message_widget.cpp" line-rate="0.9166666666666666" branch-rate="0.5" complexity="0.0"><methods/><lines><line number="8" hits="27" branch="true" condition-coverage="50% (1/2)"><conditions><condition number="0" type="jump" coverage="50%"/></conditions></line><line number="10" hits="27" branch="true" condition-coverage="50% (3/6)"><conditions><condition number="0" type="jump" coverage="50%"/></conditions></line><line number="11" hits="27" branch="true" condition-coverage="50% (2/4)"><conditions><condition number="0" type="jump" coverage="50%"/></conditions></line><line number="12" hits="27" branch="true" condition-coverage="50% (1/2)"><conditions><condition number="0" type="jump" coverage="50%"/></conditions></line><line number="14" hits="27" branch="true" condition-coverage="50% (2/4)"><conditions><condition number="0" type="jump" coverage="50%"/></conditions></line><line number="15" hits="27" branch="true" condition-coverage="50% (1/2)"><conditions><condition number="0" type="jump" coverage="50%"/></conditions></line><line number="16" hits="27" branch="true" condition-coverage="50% (1/2)"><conditions><condition number="0" type="jump" coverage="50%"/></conditions></line><line number="17" hits="27" branch="true" condition-coverage="50% (1/2)"><conditions><condition number="0" type="jump" coverage="50%"/></conditions></line><line number="18" hits="27" branch="false"/><line number="20" hits="55" branch="false"/><line number="23" hits="110" branch="true" condition-coverage="50% (1/2)"><conditions><condition number="0" type="jump" coverage="50%"/></conditions></line><line number="24" hits="55" branch="true" condition-coverage="50% (1/2)"><conditions><condition number="0" type="jump" coverage="50%"/></conditions></line><line number="26" hits="55" branch="true" condition-coverage="50% (1/2)"><conditions><condition number="0" type="jump" coverage="50%"/></conditions></line><line number="27" hits="55" branch="false"/><line number="29" hits="36" branch="false"/><line number="31" hits="36" branch="true" condition-coverage="50% (1/2)"><conditions><condition number="0" type="jump" coverage="50%"/></conditions></line><line number="32" hits="36" branch="true" condition-coverage="50% (1/2)"><conditions><condition number="0" type="jump" coverage="50%"/></conditions></line><line number="34" hits="72" branch="true" condition-coverage="50% (1/2)"><conditions><condition number="0" type="jump" coverage="50%"/></conditions></line><line number="35" hits="36" branch="true" condition-coverage="50% (1/2)"><conditions><condition number="0" type="jump" coverage="50%"/></conditions></line><line number="37" hits="36" branch="true" condition-coverage="50% (1/2)"><conditions><condition number="0" type="jump" coverage="50%"/></conditions></line><line number="39" hits="36" branch="true" condition-coverage="50% (1/2)"><conditions><condition number="0" type="jump" coverage="50%"/></conditions></line><line number="40" hits="36" branch="false"/><line number="42" hits="0" branch="false"/><line number="44" hits="0" branch="false"/></lines></class><class name="message_widget_hpp" filename="message_widget.hpp" line-rate="1.0" branch-rate="0.0" complexity="0.0"><methods/><lines><line number="9" hits="12" branch="false"/></lines></class><class name="qgraphics_arc_item_cpp" filename="qgraphics_arc_item.cpp" line-rate="1.0" branch-rate="0.5" complexity="0.0"><methods/><lines><line number="9" hits="9" branch="false"/><line number="10" hits="9" branch="false"/><line number="12" hits="9" branch="false"/><line number="14" hits="9" branch="false"/><line number="22" hits="9" branch="true" condition-coverage="50% (1/2)"><conditions><condition number="0" type="jump" coverage="50%"/></conditions></line><line number="23" hits="9" branch="true" condition-coverage="50% (1/2)"><conditions><condition number="0" type="jump" coverage="50%"/></conditions></line><line number="24" hits="9" branch="true" condition-coverage="50% (1/2)"><conditions><condition number="0" type="jump" coverage="50%"/></conditions></line><line number="26" hits="9" branch="false"/></lines></class><class name="qgraphics_arc_item_hpp" filename="qgraphics_arc_item.hpp" line-rate="1.0" branch-rate="0.0" complexity="0.0"><methods/><lines><line number="6" hits="18" branch="false"/></lines></class><class name="qt_interpreter_cpp" filename="qt_interpreter.cpp" line-rate="0.9813664596273292" branch-rate="0.5523809523809524" complexity="0.0"><methods/><lines><line number="23" hits="7" branch="true" condition-coverage="50% (1/2)"><conditions><condition number="0" type="jump" coverage="50%"/></conditions></line><line number="25" hits="7" branch="false"/><line number="27" hits="73" branch="false"/><line number="30" hits="146" branch="false"/><line number="31" hits="73" branch="true" condition-coverage="50% (1/2)"><conditions><condition number="0" type="jump" coverage="50%"/></conditions></line><line number="33" hits="146" branch="true" condition-coverage="50% (1/2)"><conditions><condition number="0" type="jump" coverage="50%"/></conditions></line><line number="34" hits="73" branch="false"/><line number="35" hits="73" branch="true" condition-coverage="100% (2/2)"><conditions><condition number="0" type="jump" coverage="100%"/></conditions></line><line number="36" hits="14" branch="true" condition-coverage="50% (1/2)"><conditions><condition number="0" type="jump" coverage="50%"/></conditions></line><line number="37" hits="7" branch="true" condition-coverage="50% (2/4)"><conditions><condition number="0" type="jump" coverage="50%"/></conditions></line><line number="38" hits="7" branch="true" condition-coverage="50% (2/4)"><conditions><condition number="0" type="jump" coverage="50%"/></conditions></line><line number="41" hits="0" branch="false"/><line number="42" hits="0" branch="false"/><line number="46" hits="132" branch="true" condition-coverage="50% (1/2)"><conditions><condition number="0" type="jump" coverage="50%"/></conditions></line><line number="47" hits="66" branch="false"/><line number="48" hits="66" branch="false"/><line number="52" hits="73" branch="true" condition-coverage="100% (2/2)"><conditions><condition number="0" type="jump" coverage="100%"/></conditions></line><line number="53" hits="66" branch="true" condition-coverage="50% (1/2)"><conditions><condition number="0" type="jump" coverage="50%"/></conditions></line><line number="54" hits="0" branch="true" condition-coverage="16% (1/6)"><conditions><condition number="0" type="jump" coverage="16%"/></conditions></line><line number="57" hits="132" branch="false"/><line number="58" hits="66" branch="false"/><line number="60" hits="66" branch="true" condition-coverage="100% (2/2)"><conditions><condition number="0" type="jump" coverage="100%"/></conditions></line><line number="62" hits="42" branch="false"/><line number="63" hits="21" branch="false"/><line number="65" hits="66" branch="true" condition-coverage="100% (2/2)"><conditions><condition number="0" type="jump" coverage="100%"/></conditions></line><line number="66" hits="90" branch="true" condition-coverage="50% (1/2)"><conditions><condition number="0" type="jump" coverage="50%"/></conditions></line><line number="67" hits="66" branch="true" condition-coverage="100% (2/2)"><conditions><condition number="0" type="jump" coverage="100%"/></conditions></line><line number="68" hits="21" branch="true" condition-coverage="50% (2/4)"><conditions><condition number="0" type="jump" coverage="50%"/></conditions></line><line number="70" hits="45" branch="true" condition-coverage="50% (2/4)"><conditions><condition number="0" type="jump" coverage="50%"/></conditions></line><line number="73" hits="21" branch="true" condition-coverage="50% (2/4)"><conditions><condition number="0" type="jump" coverage="50%"/></conditions></line><line number="78" hits="73" branch="false"/><line number="81" hits="21" branch="false"/><line number="84" hits="21" branch="true" condition-coverage="100% (2/2)"><conditions><condition number="0" type="jump" coverage="100%"/></conditions></line><line number="85" hits="7" branch="false"/><line number="86" hits="7" branch="false"/><line number="87" hits="7" branch="false"/><line number="88" hits="7" branch="false"/><line number="89" hits="7" branch="true" condition-coverage="50% (1/2)"><conditions><condition number="0" type="jump" coverage="50%"/></conditions></line><line number="90" hits="7" branch="true" condition-coverage="50% (1/2)"><conditions><condition number="0" type="jump" coverage="50%"/></conditions></line><line number="91" hits="7" branch="false"/><line number="93" hits="14" branch="true" condition-coverage="100% (2/2)"><conditions><condition number="0" type="jump" coverage="100%"/></conditions></line><line number="94" hits="7" branch="false"/><line number="95" hits="7" branch="false"/><line number="96" hits="7" branch="false"/><line number="97" hits="7" branch="false"/><line number="98" hits="7" branch="true" condition-coverage="50% (1/2)"><conditions><condition number="0" type="jump" coverage="50%"/></conditions></line><line number="99" hits="7" branch="false"/><line number="101" hits="7" branch="true" condition-coverage="50% (1/2)"><conditions><condition number="0" type="jump" coverage="50%"/></conditions></line><line number="102" hits="7" branch="false"/><line number="103" hits="7" branch="false"/><line number="104" hits="7" branch="false"/><line number="105" hits="7" branch="false"/><line number="106" hits="7" branch="false"/><line number="107" hits="7" branch="false"/><line number="108" hits="7" branch="false"/><line number="109" hits="7" branch="false"/><line number="110" hits="7" branch="false"/><line number="111" hits="7" branch="false"/><line number="112" hits="7" branch="false"/><line number="113" hits="7" branch="false"/><line number="114" hits="7" branch="false"/><line number="115" hits="7" branch="false"/><line number="117" hits="7" branch="true" condition-coverage="50% (1/2)"><conditions><condition number="0" type="jump" coverage="50%"/></conditions></line><line number="118" hits="7" branch="false"/><line number="119" hits="7" branch="false"/><line number="120" hits="7" branch="false"/><line number="124" hits="21" branch="false"/><line number="126" hits="28" branch="false"/><line number="128" hits="28" branch="true" condition-coverage="50% (1/2)"><conditions><condition number="0" type="jump" coverage="50%"/></conditions></line><line number="129" hits="28" branch="false"/><line number="131" hits="45" branch="false"/><line number="132" hits="45" branch="true" condition-coverage="100% (2/2)"><conditions><condition number="0" type="jump" coverage="100%"/></conditions></line><line number="133" hits="4" branch="true" condition-coverage="50% (1/2)"><conditions><condition number="0" type="jump" coverage="50%"/></conditions></line><line number="135" hits="41" branch="true" condition-coverage="100% (2/2)"><conditions><condition number="0" type="jump" coverage="100%"/></conditions></line><line number="136" hits="14" branch="true" condition-coverage="50% (1/2)"><conditions><condition number="0" type="jump" coverage="50%"/></conditions></line><line number="138" hits="27" branch="true" condition-coverage="100% (2/2)"><conditions><condition number="0" type="jump" coverage="100%"/></conditions></line><line number="139" hits="21" branch="false"/><line number="141" hits="6" branch="true" condition-coverage="100% (2/2)"><conditions><condition number="0" type="jump" coverage="100%"/></conditions></line><line number="142" hits="2" branch="true" condition-coverage="50% (1/2)"><conditions><condition number="0" type="jump" coverage="50%"/></conditions></line><line number="144" hits="4" branch="true" condition-coverage="100% (2/2)"><conditions><condition number="0" type="jump" coverage="100%"/></conditions></line><line number="145" hits="2" branch="true" condition-coverage="50% (1/2)"><conditions><condition number="0" type="jump" coverage="50%"/></conditions></line><line number="147" hits="2" branch="true" condition-coverage="50% (1/2)"><conditions><condition number="0" type="jump" coverage="50%"/></conditions></line><line number="148" hits="2" branch="true" condition-coverage="50% (1/2)"><conditions><condition number="0" type="jump" coverage="50%"/></conditions></line><line number="150" hits="45" branch="false"/><line number="152" hits="4" branch="false"/><line number="153" hits="8" branch="false"/><line number="154" hits="4" branch="true" condition-coverage="100% (2/2)"><conditions><condition number="0" type="jump" coverage="100%"/></conditions></line><line number="155" hits="2" branch="true" condition-coverage="50% (1/2)"><conditions><condition number="0" type="jump" coverage="50%"/></conditions></line><line number="156" hits="2" branch="true" condition-coverage="50% (1/2)"><conditions><condition number="0" type="jump" coverage="50%"/></conditions></line><line number="159" hits="2" branch="true" condition-coverage="50% (1/2)"><conditions><condition number="0" type="jump" coverage="50%"/></conditions></line><line number="160" hits="2" branch="true" condition-coverage="50% (1/2)"><conditions><condition number="0" type="jump" coverage="50%"/></conditions></line><line number="162" hits="4" branch="false"/><line number="164" hits="2" branch="false"/><line number="165" hits="4" branch="false"/><line number="166" hits="2" branch="true" condition-coverage="50% (1/2)"><conditions><condition number="0" type="jump" coverage="50%"/></conditions></line><line number="167" hits="4" branch="true" condition-coverage="50% (1/2)"><conditions><condition number="0" type="jump" coverage="50%"/></conditions></line><line number="168" hits="2" branch="true" condition-coverage="50% (1/2)"><conditions><condition number="0" type="jump" coverage="50%"/></conditions></line><line number="169" hits="2" branch="true" condition-coverage="50% (1/2)"><conditions><condition number="0" type="jump" coverage="50%"/></conditions></line><line number="170" hits="4" branch="true" condition-coverage="50% (1/2)"><conditions><condition number="0" type="jump" coverage="50%"/></conditions></line><line number="171" hits="2" branch="true" condition-coverage="50% (1/2)"><conditions><condition number="0" type="jump" coverage="50%"/></c
[...]
rage="50% (1/2)"><conditions><condition number="0" type="jump" coverage="50%"/></conditions></line><line number="571" hits="2" branch="true" condition-coverage="40% (9/22)"><conditions><condition number="0" type="jump" coverage="40%"/></conditions></line><line number="572" hits="2" branch="false"/><line number="574" hits="4" branch="true" condition-coverage="50% (2/4)"><conditions><condition number="0" type="jump" coverage="50%"/></conditions></line><line number="577" hits="4" branch="true" condition-coverage="50% (5/10)"><conditions><condition number="0" type="jump" coverage="50%"/></conditions></line><line number="578" hits="6" branch="true" condition-coverage="75% (3/4)"><conditions><condition number="0" type="jump" coverage="75%"/></conditions></line><line number="579" hits="8" branch="true" condition-coverage="50% (1/2)"><conditions><condition number="0" type="jump" coverage="50%"/></conditions></line><line number="580" hits="4" branch="true" condition-coverage="40% (9/22)"><conditions><condition number="0" type="jump" coverage="40%"/></conditions></line><line number="582" hits="2" branch="false"/><line number="585" hits="4" branch="true" condition-coverage="50% (2/4)"><conditions><condition number="0" type="jump" coverage="50%"/></conditions></line><line number="587" hits="4" branch="true" condition-coverage="50% (4/8)"><conditions><condition number="0" type="jump" coverage="50%"/></conditions></line><line number="588" hits="4" branch="true" condition-coverage="75% (3/4)"><conditions><condition number="0" type="jump" coverage="75%"/></conditions></line><line number="589" hits="4" branch="true" condition-coverage="50% (1/2)"><conditions><condition number="0" type="jump" coverage="50%"/></conditions></line><line number="591" hits="4" branch="true" condition-coverage="50% (1/2)"><conditions><condition number="0" type="jump" coverage="50%"/></conditions></line><line number="593" hits="2" branch="false"/><line number="595" hits="2" branch="true" condition-coverage="36% (11/30)"><conditions><condition number="0" type="jump" coverage="36%"/></conditions></line><line number="597" hits="2" branch="false"/><line number="599" hits="4" branch="true" condition-coverage="50% (2/4)"><conditions><condition number="0" type="jump" coverage="50%"/></conditions></line><line number="624" hits="4" branch="true" condition-coverage="50% (44/88)"><conditions><condition number="0" type="jump" coverage="50%"/></conditions></line><line number="625" hits="84" branch="true" condition-coverage="75% (3/4)"><conditions><condition number="0" type="jump" coverage="75%"/></conditions></line><line number="626" hits="164" branch="true" condition-coverage="50% (1/2)"><conditions><condition number="0" type="jump" coverage="50%"/></conditions></line><line number="628" hits="164" branch="true" condition-coverage="50% (1/2)"><conditions><condition number="0" type="jump" coverage="50%"/></conditions></line><line number="630" hits="82" branch="false"/><line number="632" hits="82" branch="true" condition-coverage="36% (11/30)"><conditions><condition number="0" type="jump" coverage="36%"/></conditions></line><line number="634" hits="2" branch="false"/><line number="640" hits="4" branch="true" condition-coverage="50% (2/4)"><conditions><condition number="0" type="jump" coverage="50%"/></conditions></line><line number="644" hits="4" branch="true" condition-coverage="50% (6/12)"><conditions><condition number="0" type="jump" coverage="50%"/></conditions></line><line number="645" hits="8" branch="true" condition-coverage="75% (3/4)"><conditions><condition number="0" type="jump" coverage="75%"/></conditions></line><line number="646" hits="12" branch="true" condition-coverage="50% (1/2)"><conditions><condition number="0" type="jump" coverage="50%"/></conditions></line><line number="648" hits="12" branch="true" condition-coverage="50% (1/2)"><conditions><condition number="0" type="jump" coverage="50%"/></conditions></line><line number="650" hits="6" branch="false"/><line number="652" hits="6" branch="true" condition-coverage="36% (11/30)"><conditions><condition number="0" type="jump" coverage="36%"/></conditions></line><line number="654" hits="2" branch="false"/><line number="656" hits="4" branch="true" condition-coverage="50% (2/4)"><conditions><condition number="0" type="jump" coverage="50%"/></conditions></line><line number="660" hits="4" branch="true" condition-coverage="50% (6/12)"><conditions><condition number="0" type="jump" coverage="50%"/></conditions></line><line number="661" hits="8" branch="true" condition-coverage="75% (3/4)"><conditions><condition number="0" type="jump" coverage="75%"/></conditions></line><line number="662" hits="12" branch="true" condition-coverage="50% (1/2)"><conditions><condition number="0" type="jump" coverage="50%"/></conditions></line><line number="664" hits="12" branch="true" condition-coverage="50% (1/2)"><conditions><condition number="0" type="jump" coverage="50%"/></conditions></line><line number="666" hits="6" branch="false"/><line number="668" hits="6" branch="true" condition-coverage="36% (11/30)"><conditions><condition number="0" type="jump" coverage="36%"/></conditions></line><line number="670" hits="2" branch="false"/><line number="671" hits="4" branch="true" condition-coverage="50% (2/4)"><conditions><condition number="0" type="jump" coverage="50%"/></conditions></line><line number="676" hits="2" branch="false"/><line number="678" hits="4" branch="true" condition-coverage="50% (2/4)"><conditions><condition number="0" type="jump" coverage="50%"/></conditions></line><line number="683" hits="4" branch="true" condition-coverage="50% (6/12)"><conditions><condition number="0" type="jump" coverage="50%"/></conditions></line><line number="684" hits="8" branch="true" condition-coverage="75% (3/4)"><conditions><condition number="0" type="jump" coverage="75%"/></conditions></line><line number="685" hits="12" branch="true" condition-coverage="50% (1/2)"><conditions><condition number="0" type="jump" coverage="50%"/></conditions></line><line number="687" hits="12" branch="true" condition-coverage="50% (1/2)"><conditions><condition number="0" type="jump" coverage="50%"/></conditions></line><line number="689" hits="6" branch="false"/><line number="691" hits="6" branch="true" condition-coverage="36% (11/30)"><conditions><condition number="0" type="jump" coverage="36%"/></conditions></line><line number="693" hits="2" branch="false"/><line number="696" hits="4" branch="true" condition-coverage="50% (2/4)"><conditions><condition number="0" type="jump" coverage="50%"/></conditions></line><line number="702" hits="4" branch="true" condition-coverage="50% (6/12)"><conditions><condition number="0" type="jump" coverage="50%"/></conditions></line><line number="703" hits="8" branch="true" condition-coverage="75% (3/4)"><conditions><condition number="0" type="jump" coverage="75%"/></conditions></line><line number="704" hits="12" branch="true" condition-coverage="50% (1/2)"><conditions><condition number="0" type="jump" coverage="50%"/></conditions></line><line number="706" hits="12" branch="true" condition-coverage="50% (1/2)"><conditions><condition number="0" type="jump" coverage="50%"/></conditions></line><line number="708" hits="6" branch="false"/><line number="710" hits="6" branch="true" condition-coverage="36% (11/30)"><conditions><condition number="0" type="jump" coverage="36%"/></conditions></line><line number="712" hits="2" branch="false"/><line number="717" hits="4" branch="true" condition-coverage="50% (2/4)"><conditions><condition number="0" type="jump" coverage="50%"/></conditions></line><line number="720" hits="4" branch="false"/><line number="721" hits="4" branch="true" condition-coverage="50% (1/2)"><conditions><condition number="0" type="jump" coverage="50%"/></conditions></line><line number="722" hits="2" branch="true" condition-coverage="40% (8/20)"><conditions><condition number="0" type="jump" coverage="40%"/></conditions></line><line number="723" hits="2" branch="true" condition-coverage="40% (8/20)"><conditions><condition number="0" type="jump" coverage="40%"/></conditions></line><line number="724" hits="2" branch="true" condition-coverage="40% (8/20)"><conditions><condition number="0" type="jump" coverage="40%"/></conditions></line><line number="726" hits="2" branch="true" condition-coverage="50% (1/2)"><conditions><condition number="0" type="jump" coverage="50%"/></conditions></line><line number="727" hits="2" branch="true" condition-coverage="40% (8/20)"><conditions><condition number="0" type="jump" coverage="40%"/></conditions></line><line number="728" hits="2" branch="true" condition-coverage="40% (8/20)"><conditions><condition number="0" type="jump" coverage="40%"/></conditions></line><line number="729" hits="2" branch="true" condition-coverage="40% (8/20)"><conditions><condition number="0" type="jump" coverage="40%"/></conditions></line><line number="731" hits="2" branch="true" condition-coverage="50% (1/2)"><conditions><condition number="0" type="jump" coverage="50%"/></conditions></line><line number="732" hits="2" branch="true" condition-coverage="40% (8/20)"><conditions><condition number="0" type="jump" coverage="40%"/></conditions></line><line number="733" hits="2" branch="true" condition-coverage="40% (8/20)"><conditions><condition number="0" type="jump" coverage="40%"/></conditions></line><line number="734" hits="2" branch="true" condition-coverage="40% (8/20)"><conditions><condition number="0" type="jump" coverage="40%"/></conditions></line><line number="736" hits="2" branch="true" condition-coverage="50% (1/2)"><conditions><condition number="0" type="jump" coverage="50%"/></conditions></line><line number="737" hits="2" branch="true" condition-coverage="40% (8/20)"><conditions><condition number="0" type="jump" coverage="40%"/></conditions></line><line number="738" hits="2" branch="true" condition-coverage="40% (8/20)"><conditions><condition number="0" type="jump" coverage="40%"/></conditions></line><line number="739" hits="2" branch="true" condition-coverage="40% (8/20)"><conditions><condition number="0" type="jump" coverage="40%"/></conditions></line><line number="742" hits="2" branch="false"/><line number="745" hits="4" branch="true" condition-coverage="50% (2/4)"><conditions><condition number="0" type="jump" coverage="50%"/></conditions></line><line number="747" hits="4" branch="true" condition-coverage="50% (1/2)"><conditions><condition number="0" type="jump" coverage="50%"/></conditions></line><line number="749" hits="4" branch="true" condition-coverage="50% (1/2)"><conditions><condition number="0" type="jump" coverage="50%"/></conditions></line><line number="751" hits="4" branch="true" condition-coverage="50% (1/2)"><conditions><condition number="0" type="jump" coverage="50%"/></conditions></line><line number="753" hits="4" branch="false"/><line number="754" hits="2" branch="true" condition-coverage="40% (8/20)"><conditions><condition number="0" type="jump" coverage="40%"/></conditions></line><line number="755" hits="4" branch="false"/><line number="756" hits="2" branch="true" condition-coverage="50% (1/2)"><conditions><condition number="0" type="jump" coverage="50%"/></conditions></line><line number="757" hits="4" branch="true" condition-coverage="50% (1/2)"><conditions><condition number="0" type="jump" coverage="50%"/></conditions></line><line number="758" hits="2" branch="true" condition-coverage="40% (9/22)"><conditions><condition number="0" type="jump" coverage="40%"/></conditions></line><line number="762" hits="2" branch="false"/><line number="764" hits="4" branch="true" condition-coverage="50% (2/4)"><conditions><condition number="0" type="jump" coverage="50%"/></conditions></line><line number="766" hits="4" branch="true" condition-coverage="50% (1/2)"><conditions><condition number="0" type="jump" coverage="50%"/></conditions></line><line number="768" hits="4" branch="true" condition-coverage="50% (1/2)"><conditions><condition number="0" type="jump" coverage="50%"/></conditions></line><line number="770" hits="4" branch="true" condition-coverage="50% (1/2)"><conditions><condition number="0" type="jump" coverage="50%"/></conditions></line><line number="772" hits="4" branch="false"/><line number="773" hits="2" branch="true" condition-coverage="40% (8/20)"><conditions><condition number="0" type="jump" coverage="40%"/></conditions></line><line number="774" hits="4" branch="false"/><line number="775" hits="2" branch="true" condition-coverage="50% (1/2)"><conditions><condition number="0" type="jump" coverage="50%"/></conditions></line><line number="776" hits="2" branch="false"/><line number="777" hits="2" branch="true" condition-coverage="40% (9/22)"><conditions><condition number="0" type="jump" coverage="40%"/></conditions></line><line number="781" hits="2" branch="false"/><line number="783" hits="4" branch="true" condition-coverage="50% (2/4)"><conditions><condition number="0" type="jump" coverage="50%"/></conditions></line><line number="785" hits="4" branch="true" condition-coverage="50% (1/2)"><conditions><condition number="0" type="jump" coverage="50%"/></conditions></line><line number="787" hits="4" branch="true" condition-coverage="50% (1/2)"><conditions><condition number="0" type="jump" coverage="50%"/></conditions></line><line number="789" hits="4" branch="true" condition-coverage="50% (1/2)"><conditions><condition number="0" type="jump" coverage="50%"/></conditions></line><line number="791" hits="4" branch="false"/><line number="792" hits="2" branch="true" condition-coverage="40% (8/20)"><conditions><condition number="0" type="jump" coverage="40%"/></conditions></line><line number="793" hits="4" branch="false"/><line number="794" hits="2" branch="true" condition-coverage="50% (1/2)"><conditions><condition number="0" type="jump" coverage="50%"/></conditions></line><line number="795" hits="2" branch="false"/><line number="796" hits="2" branch="true" condition-coverage="40% (9/22)"><conditions><condition number="0" type="jump" coverage="40%"/></conditions></line><line number="800" hits="2" branch="false"/><line number="802" hits="4" branch="true" condition-coverage="50% (2/4)"><conditions><condition number="0" type="jump" coverage="50%"/></conditions></line><line number="804" hits="4" branch="true" condition-coverage="50% (1/2)"><conditions><condition number="0" type="jump" coverage="50%"/></conditions></line><line number="807" hits="2" branch="true" condition-coverage="40% (9/22)"><conditions><condition number="0" type="jump" coverage="40%"/></conditions></line><line number="809" hits="2" branch="true" condition-coverage="50% (1/2)"><conditions><condition number="0" type="jump" coverage="50%"/></conditions></line><line number="812" hits="2" branch="true" condition-coverage="40% (9/22)"><conditions><condition number="0" type="jump" coverage="40%"/></conditions></line><line number="813" hits="2" branch="true" condition-coverage="50% (1/2)"><conditions><condition number="0" type="jump" coverage="50%"/></conditions></line><line number="816" hits="2" branch="true" condition-coverage="40% (9/22)"><conditions><condition number="0" type="jump" coverage="40%"/></conditions></line><line number="817" hits="2" branch="true" condition-coverage="50% (1/2)"><conditions><condition number="0" type="jump" coverage="50%"/></conditions></line><line number="820" hits="2" branch="true" condition-coverage="40% (9/22)"><conditions><condition number="0" type="jump" coverage="40%"/></conditions></line><line number="821" hits="2" branch="true" condition-coverage="50% (1/2)"><conditions><condition number="0" type="jump" coverage="50%"/></conditions></line><line number="824" hits="2" branch="true" condition-coverage="40% (9/22)"><conditions><condition number="0" type="jump" coverage="40%"/></conditions></line><line number="826" hits="2" branch="true" condition-coverage="50% (1/2)"><conditions><condition number="0" type="jump" coverage="50%"/></conditions></line><line number="829" hits="2" branch="true" condition-coverage="40% (9/22)"><conditions><condition number="0" type="jump" coverage="40%"/></conditions></line><line number="831" hits="2" branch="true" condition-coverage="50% (1/2)"><conditions><condition number="0" type="jump" coverage="50%"/></conditions></line><line number="834" hits="2" branch="true" condition-coverage="40% (9/22)"><conditions><condition number="0" type="jump" coverage="40%"/></conditions></line><line number="836" hits="2" branch="false"/><line number="838" hits="4" branch="true" condition-coverage="50% (2/4)"><conditions><condition number="0" type="jump" coverage="50%"/></conditions></line><line number="840" hits="4" branch="true" condition-coverage="50% (1/2)"><conditions><condition number="0" type="jump" coverage="50%"/></conditions></line><line number="843" hits="2" branch="true" condition-coverage="40% (9/22)"><conditions><condition number="0" type="jump" coverage="40%"/></conditions></line><line number="845" hits="2" branch="true" condition-coverage="50% (1/2)"><conditions><condition number="0" type="jump" coverage="50%"/></conditions></line><line number="847" hits="2" branch="true" condition-coverage="40% (9/22)"><conditions><condition number="0" type="jump" coverage="40%"/></conditions></line><line number="849" hits="2" branch="true" condition-coverage="50% (1/2)"><conditions><condition number="0" type="jump" coverage="50%"/></conditions></line><line number="851" hits="2" branch="true" condition-coverage="40% (9/22)"><conditions><condition number="0" type="jump" coverage="40%"/></conditions></line><line number="853" hits="2" branch="true" condition-coverage="50% (1/2)"><conditions><condition number="0" type="jump" coverage="50%"/></conditions></line><line number="855" hits="2" branch="true" condition-coverage="40% (9/22)"><conditions><condition number="0" type="jump" coverage="40%"/></conditions></line><line number="857" hits="2" branch="true" condition-coverage="50% (1/2)"><conditions><condition number="0" type="jump" coverage="50%"/></conditions></line><line number="859" hits="2" branch="true" condition-coverage="40% (9/22)"><conditions><condition number="0" type="jump" coverage="40%"/></conditions></line><line number="860" hits="2" branch="true" condition-coverage="50% (1/2)"><conditions><condition number="0" type="jump" coverage="50%"/></conditions></line><line number="862" hits="2" branch="true" condition-coverage="40% (9/22)"><conditions><condition number="0" type="jump" coverage="40%"/></conditions></line><line number="863" hits="2" branch="true" condition-coverage="50% (1/2)"><conditions><condition number="0" type="jump" coverage="50%"/></conditions></line><line number="865" hits="2" branch="true" condition-coverage="40% (9/22)"><conditions><condition number="0" type="jump" coverage="40%"/></conditions></line><line number="866" hits="2" branch="false"/><line number="872" hits="4" branch="true" condition-coverage="50% (2/4)"><conditions><condition number="0" type="jump" coverage="50%"/></conditions></line><line number="873" hits="2" branch="true" condition-coverage="42% (11/26)"><conditions><condition number="0" type="jump" coverage="42%"/></conditions></line><line number="874" hits="2" branch="true" condition-coverage="42% (11/26)"><conditions><condition number="0" type="jump" coverage="42%"/></conditions></line><line number="875" hits="2" branch="true" condition-coverage="42% (11/26)"><conditions><condition number="0" type="jump" coverage="42%"/></conditions></line><line number="876" hits="2" branch="true" condition-coverage="42% (11/26)"><conditions><condition number="0" type="jump" coverage="42%"/></conditions></line><line number="877" hits="2" branch="true" condition-coverage="42% (11/26)"><conditions><condition number="0" type="jump" coverage="42%"/></conditions></line><line number="878" hits="8" branch="true" condition-coverage="50% (2/4)"><conditions><condition number="0" type="jump" coverage="50%"/></conditions></line></lines></class></classes></package></packages></coverage>